# JRE version: Java(TM) SE Runtime Environment (22.0.1+8) (build 22.0.1+8-16)
# Java VM: Java HotSpot(TM) 64-Bit Server VM (22.0.1+8-16, mixed mode, sharing, tiered, compressed oops, compressed class ptrs, g1 gc, windows-amd64)
GC Precious Log:
 CardTable entry size: 512
 Card Set container configuration: InlinePtr #cards 5 size 8 Array Of Cards #cards 12 size 40 Howl #buckets 4 coarsen threshold 1843 Howl Bitmap #cards 512 size 80 coarsen threshold 460 Card regions per heap region 1 cards per card region 2048
 CPUs: 8 total, 8 available
 Memory: 7975M
 Large Page Support: Disabled
 NUMA Support: Disabled
 Compressed Oops: Enabled (32-bit)
 Heap Region Size: 1M
 Heap Min Capacity: 8M
 Heap Initial Capacity: 126M
 Heap Max Capacity: 1994M
 Pre-touch: Disabled
 Parallel Workers: 8
 Concurrent Workers: 2
 Concurrent Refinement Workers: 8
 Periodic GC: Disabled
Heap:
 garbage-first heap   total reserved 2041856K, committed 100352K, used 42468K [0x0000000083600000, 0x0000000100000000)
  region size 1024K, 6 young (6144K), 1 survivors (1024K)
 Metaspace       used 25845K, committed 26112K, reserved 1114112K
  class space    used 3084K, committed 3200K, reserved 1048576K
GC Heap History (20 events):
Event: 38.333 GC heap before
{Heap before GC invocations=6 (full 0):
 garbage-first heap   total reserved 2041856K, committed 54272K, used 43108K [0x0000000083600000, 0x0000000100000000)
  region size 1024K, 30 young (30720K), 1 survivors (1024K)
 Metaspace       used 22509K, committed 22784K, reserved 1114112K
  class space    used 2671K, committed 2816K, reserved 1048576K
}
Event: 38.335 GC heap after
{Heap after GC invocations=7 (full 0):
 garbage-first heap   total reserved 2041856K, committed 54272K, used 13353K [0x0000000083600000, 0x0000000100000000)
  region size 1024K, 1 young (1024K), 1 survivors (1024K)
 Metaspace       used 22509K, committed 22784K, reserved 1114112K
  class space    used 2671K, committed 2816K, reserved 1048576K
}
Event: 38.469 GC heap before
{Heap before GC invocations=7 (full 0):
 garbage-first heap   total reserved 2041856K, committed 54272K, used 44073K [0x0000000083600000, 0x0000000100000000)
  region size 1024K, 31 young (31744K), 1 survivors (1024K)
 Metaspace       used 22783K, committed 23040K, reserved 1114112K
  class space    used 2696K, committed 2816K, reserved 1048576K
}
Event: 38.470 GC heap after
{Heap after GC invocations=8 (full 0):
 garbage-first heap   total reserved 2041856K, committed 54272K, used 13429K [0x0000000083600000, 0x0000000100000000)
  region size 1024K, 1 young (1024K), 1 survivors (1024K)
 Metaspace       used 22783K, committed 23040K, reserved 1114112K
  class space    used 2696K, committed 2816K, reserved 1048576K
}
Event: 38.793 GC heap before
{Heap before GC invocations=8 (full 0):
 garbage-first heap   total reserved 2041856K, committed 54272K, used 44149K [0x0000000083600000, 0x0000000100000000)
  region size 1024K, 31 young (31744K), 1 survivors (1024K)
 Metaspace       used 23884K, committed 24192K, reserved 1114112K
  class space    used 2881K, committed 3008K, reserved 1048576K
}
Event: 38.795 GC heap after
{Heap after GC invocations=9 (full 0):
 garbage-first heap   total reserved 2041856K, committed 54272K, used 13744K [0x0000000083600000, 0x0000000100000000)
  region size 1024K, 1 young (1024K), 1 survivors (1024K)
 Metaspace       used 23884K, committed 24192K, reserved 1114112K
  class space    used 2881K, committed 3008K, reserved 1048576K
}
Event: 39.217 GC heap before
{Heap before GC invocations=9 (full 0):
 garbage-first heap   total reserved 2041856K, committed 54272K, used 44464K [0x0000000083600000, 0x0000000100000000)
  region size 1024K, 31 young (31744K), 1 survivors (1024K)
 Metaspace       used 24104K, committed 24320K, reserved 1114112K
  class space    used 2912K, committed 3008K, reserved 1048576K
}
Event: 39.219 GC heap after
{Heap after GC invocations=10 (full 0):
 garbage-first heap   total reserved 2041856K, committed 54272K, used 13866K [0x0000000083600000, 0x0000000100000000)
  region size 1024K, 1 young (1024K), 1 survivors (1024K)
 Metaspace       used 24104K, committed 24320K, reserved 1114112K
  class space    used 2912K, committed 3008K, reserved 1048576K
}
Event: 71.966 GC heap before
{Heap before GC invocations=10 (full 0):
 garbage-first heap   total reserved 2041856K, committed 54272K, used 20010K [0x0000000083600000, 0x0000000100000000)
  region size 1024K, 8 young (8192K), 1 survivors (1024K)
 Metaspace       used 24693K, committed 25024K, reserved 1114112K
  class space    used 2970K, committed 3136K, reserved 1048576K
}
Event: 71.976 GC heap after
{Heap after GC invocations=11 (full 0):
 garbage-first heap   total reserved 2041856K, committed 54272K, used 13990K [0x0000000083600000, 0x0000000100000000)
  region size 1024K, 1 young (1024K), 1 survivors (1024K)
 Metaspace       used 24693K, committed 25024K, reserved 1114112K
  class space    used 2970K, committed 3136K, reserved 1048576K
}
Event: 72.353 GC heap before
{Heap before GC invocations=11 (full 0):
 garbage-first heap   total reserved 2041856K, committed 54272K, used 53926K [0x0000000083600000, 0x0000000100000000)
  region size 1024K, 16 young (16384K), 1 survivors (1024K)
 Metaspace       used 25818K, committed 26048K, reserved 1114112K
  class space    used 3084K, committed 3200K, reserved 1048576K
}
Event: 72.354 GC heap after
{Heap after GC invocations=12 (full 0):
 garbage-first heap   total reserved 2041856K, committed 56320K, used 38758K [0x0000000083600000, 0x0000000100000000)
  region size 1024K, 2 young (2048K), 2 survivors (2048K)
 Metaspace       used 25818K, committed 26048K, reserved 1114112K
  class space    used 3084K, committed 3200K, reserved 1048576K
}
Event: 72.509 GC heap before
{Heap before GC invocations=12 (full 0):
 garbage-first heap   total reserved 2041856K, committed 56320K, used 47974K [0x0000000083600000, 0x0000000100000000)
  region size 1024K, 12 young (12288K), 2 survivors (2048K)
 Metaspace       used 25844K, committed 26112K, reserved 1114112K
  class space    used 3084K, committed 3200K, reserved 1048576K
}
Event: 72.510 GC heap after
{Heap after GC invocations=13 (full 0):
 garbage-first heap   total reserved 2041856K, committed 56320K, used 38744K [0x0000000083600000, 0x0000000100000000)
  region size 1024K, 1 young (1024K), 1 survivors (1024K)
 Metaspace       used 25844K, committed 26112K, reserved 1114112K
  class space    used 3084K, committed 3200K, reserved 1048576K
}
Event: 72.932 GC heap before
{Heap before GC invocations=14 (full 0):
 garbage-first heap   total reserved 2041856K, committed 74752K, used 73560K [0x0000000083600000, 0x0000000100000000)
  region size 1024K, 12 young (12288K), 1 survivors (1024K)
 Metaspace       used 25845K, committed 26112K, reserved 1114112K
  class space    used 3084K, committed 3200K, reserved 1048576K
}
Event: 72.934 GC heap after
{Heap after GC invocations=15 (full 0):
 garbage-first heap   total reserved 2041856K, committed 75776K, used 38772K [0x0000000083600000, 0x0000000100000000)
  region size 1024K, 1 young (1024K), 1 survivors (1024K)
 Metaspace       used 25845K, committed 26112K, reserved 1114112K
  class space    used 3084K, committed 3200K, reserved 1048576K
}
Event: 73.681 GC heap before
{Heap before GC invocations=15 (full 0):
 garbage-first heap   total reserved 2041856K, committed 100352K, used 92020K [0x0000000083600000, 0x0000000100000000)
  region size 1024K, 30 young (30720K), 1 survivors (1024K)
 Metaspace       used 25845K, committed 26112K, reserved 1114112K
  class space    used 3084K, committed 3200K, reserved 1048576K
}
Event: 73.682 GC heap after
{Heap after GC invocations=16 (full 0):
 garbage-first heap   total reserved 2041856K, committed 100352K, used 38402K [0x0000000083600000, 0x0000000100000000)
  region size 1024K, 1 young (1024K), 1 survivors (1024K)
 Metaspace       used 25845K, committed 26112K, reserved 1114112K
  class space    used 3084K, committed 3200K, reserved 1048576K
}
Event: 74.190 GC heap before
{Heap before GC invocations=16 (full 0):
 garbage-first heap   total reserved 2041856K, committed 100352K, used 48642K [0x0000000083600000, 0x0000000100000000)
  region size 1024K, 13 young (13312K), 1 survivors (1024K)
 Metaspace       used 25845K, committed 26112K, reserved 1114112K
  class space    used 3084K, committed 3200K, reserved 1048576K
}
Event: 74.191 GC heap after
{Heap after GC invocations=17 (full 0):
 garbage-first heap   total reserved 2041856K, committed 100352K, used 13796K [0x0000000083600000, 0x0000000100000000)
  region size 1024K, 1 young (1024K), 1 survivors (1024K)
 Metaspace       used 25845K, committed 26112K, reserved 1114112K
  class space    used 3084K, committed 3200K, reserved 1048576K
}

