# JRE version: Java(TM) SE Runtime Environment (22.0.1+8) (build 22.0.1+8-16)
# Java VM: Java HotSpot(TM) 64-Bit Server VM (22.0.1+8-16, mixed mode, sharing, tiered, compressed oops, compressed class ptrs, g1 gc, windows-amd64)
GC Precious Log:
 CardTable entry size: 512
 Card Set container configuration: InlinePtr #cards 5 size 8 Array Of Cards #cards 12 size 40 Howl #buckets 4 coarsen threshold 1843 Howl Bitmap #cards 512 size 80 coarsen threshold 460 Card regions per heap region 1 cards per card region 2048
 CPUs: 8 total, 8 available
 Memory: 7975M
 Large Page Support: Disabled
 NUMA Support: Disabled
 Compressed Oops: Enabled (32-bit)
 Heap Region Size: 1M
 Heap Min Capacity: 8M
 Heap Initial Capacity: 126M
 Heap Max Capacity: 1994M
 Pre-touch: Disabled
 Parallel Workers: 8
 Concurrent Workers: 2
 Concurrent Refinement Workers: 8
 Periodic GC: Disabled
Heap:
 garbage-first heap   total reserved 2041856K, committed 424960K, used 105080K [0x0000000083600000, 0x0000000100000000)
  region size 1024K, 69 young (70656K), 2 survivors (2048K)
 Metaspace       used 33088K, committed 33344K, reserved 1114112K
  class space    used 3390K, committed 3520K, reserved 1048576K
GC Heap History (20 events):
Event: 8.484 GC heap before
{Heap before GC invocations=11 (full 0):
 garbage-first heap   total reserved 2041856K, committed 58368K, used 46699K [0x0000000083600000, 0x0000000100000000)
  region size 1024K, 34 young (34816K), 2 survivors (2048K)
 Metaspace       used 27622K, committed 27904K, reserved 1114112K
  class space    used 2815K, committed 2944K, reserved 1048576K
}
Event: 8.486 GC heap after
{Heap after GC invocations=12 (full 0):
 garbage-first heap   total reserved 2041856K, committed 70656K, used 14008K [0x0000000083600000, 0x0000000100000000)
  region size 1024K, 2 young (2048K), 2 survivors (2048K)
 Metaspace       used 27622K, committed 27904K, reserved 1114112K
  class space    used 2815K, committed 2944K, reserved 1048576K
}
Event: 8.578 GC heap before
{Heap before GC invocations=12 (full 0):
 garbage-first heap   total reserved 2041856K, committed 70656K, used 53944K [0x0000000083600000, 0x0000000100000000)
  region size 1024K, 41 young (41984K), 2 survivors (2048K)
 Metaspace       used 27622K, committed 27904K, reserved 1114112K
  class space    used 2815K, committed 2944K, reserved 1048576K
}
Event: 8.580 GC heap after
{Heap after GC invocations=13 (full 0):
 garbage-first heap   total reserved 2041856K, committed 70656K, used 13876K [0x0000000083600000, 0x0000000100000000)
  region size 1024K, 2 young (2048K), 2 survivors (2048K)
 Metaspace       used 27622K, committed 27904K, reserved 1114112K
  class space    used 2815K, committed 2944K, reserved 1048576K
}
Event: 8.657 GC heap before
{Heap before GC invocations=13 (full 0):
 garbage-first heap   total reserved 2041856K, committed 70656K, used 53812K [0x0000000083600000, 0x0000000100000000)
  region size 1024K, 41 young (41984K), 2 survivors (2048K)
 Metaspace       used 27622K, committed 27904K, reserved 1114112K
  class space    used 2815K, committed 2944K, reserved 1048576K
}
Event: 8.659 GC heap after
{Heap after GC invocations=14 (full 0):
 garbage-first heap   total reserved 2041856K, committed 70656K, used 13952K [0x0000000083600000, 0x0000000100000000)
  region size 1024K, 2 young (2048K), 2 survivors (2048K)
 Metaspace       used 27622K, committed 27904K, reserved 1114112K
  class space    used 2815K, committed 2944K, reserved 1048576K
}
Event: 8.741 GC heap before
{Heap before GC invocations=14 (full 0):
 garbage-first heap   total reserved 2041856K, committed 70656K, used 53888K [0x0000000083600000, 0x0000000100000000)
  region size 1024K, 41 young (41984K), 2 survivors (2048K)
 Metaspace       used 27622K, committed 27904K, reserved 1114112K
  class space    used 2815K, committed 2944K, reserved 1048576K
}
Event: 8.743 GC heap after
{Heap after GC invocations=15 (full 0):
 garbage-first heap   total reserved 2041856K, committed 70656K, used 13983K [0x0000000083600000, 0x0000000100000000)
  region size 1024K, 2 young (2048K), 2 survivors (2048K)
 Metaspace       used 27622K, committed 27904K, reserved 1114112K
  class space    used 2815K, committed 2944K, reserved 1048576K
}
Event: 8.852 GC heap before
{Heap before GC invocations=15 (full 0):
 garbage-first heap   total reserved 2041856K, committed 70656K, used 53919K [0x0000000083600000, 0x0000000100000000)
  region size 1024K, 41 young (41984K), 2 survivors (2048K)
 Metaspace       used 27624K, committed 27904K, reserved 1114112K
  class space    used 2815K, committed 2944K, reserved 1048576K
}
Event: 8.855 GC heap after
{Heap after GC invocations=16 (full 0):
 garbage-first heap   total reserved 2041856K, committed 84992K, used 14040K [0x0000000083600000, 0x0000000100000000)
  region size 1024K, 2 young (2048K), 2 survivors (2048K)
 Metaspace       used 27624K, committed 27904K, reserved 1114112K
  class space    used 2815K, committed 2944K, reserved 1048576K
}
Event: 9.100 GC heap before
{Heap before GC invocations=16 (full 0):
 garbage-first heap   total reserved 2041856K, committed 84992K, used 62168K [0x0000000083600000, 0x0000000100000000)
  region size 1024K, 49 young (50176K), 2 survivors (2048K)
 Metaspace       used 29556K, committed 29760K, reserved 1114112K
  class space    used 3049K, committed 3136K, reserved 1048576K
}
Event: 9.103 GC heap after
{Heap after GC invocations=17 (full 0):
 garbage-first heap   total reserved 2041856K, committed 84992K, used 14176K [0x0000000083600000, 0x0000000100000000)
  region size 1024K, 2 young (2048K), 2 survivors (2048K)
 Metaspace       used 29556K, committed 29760K, reserved 1114112K
  class space    used 3049K, committed 3136K, reserved 1048576K
}
Event: 93.744 GC heap before
{Heap before GC invocations=17 (full 0):
 garbage-first heap   total reserved 2041856K, committed 84992K, used 64352K [0x0000000083600000, 0x0000000100000000)
  region size 1024K, 28 young (28672K), 2 survivors (2048K)
 Metaspace       used 30706K, committed 30976K, reserved 1114112K
  class space    used 3097K, committed 3200K, reserved 1048576K
}
Event: 93.750 GC heap after
{Heap after GC invocations=18 (full 0):
 garbage-first heap   total reserved 2041856K, committed 84992K, used 23830K [0x0000000083600000, 0x0000000100000000)
  region size 1024K, 2 young (2048K), 2 survivors (2048K)
 Metaspace       used 30706K, committed 30976K, reserved 1114112K
  class space    used 3097K, committed 3200K, reserved 1048576K
}
Event: 93.782 GC heap before
{Heap before GC invocations=18 (full 0):
 garbage-first heap   total reserved 2041856K, committed 84992K, used 41238K [0x0000000083600000, 0x0000000100000000)
  region size 1024K, 3 young (3072K), 2 survivors (2048K)
 Metaspace       used 30710K, committed 30976K, reserved 1114112K
  class space    used 3097K, committed 3200K, reserved 1048576K
}
Event: 93.787 GC heap after
{Heap after GC invocations=19 (full 0):
 garbage-first heap   total reserved 2041856K, committed 84992K, used 32084K [0x0000000083600000, 0x0000000100000000)
  region size 1024K, 2 young (2048K), 2 survivors (2048K)
 Metaspace       used 30710K, committed 30976K, reserved 1114112K
  class space    used 3097K, committed 3200K, reserved 1048576K
}
Event: 93.844 GC heap before
{Heap before GC invocations=19 (full 0):
 garbage-first heap   total reserved 2041856K, committed 84992K, used 65876K [0x0000000083600000, 0x0000000100000000)
  region size 1024K, 3 young (3072K), 2 survivors (2048K)
 Metaspace       used 30710K, committed 30976K, reserved 1114112K
  class space    used 3097K, committed 3200K, reserved 1048576K
}
Event: 93.849 GC heap after
{Heap after GC invocations=20 (full 0):
 garbage-first heap   total reserved 2041856K, committed 84992K, used 48415K [0x0000000083600000, 0x0000000100000000)
  region size 1024K, 1 young (1024K), 1 survivors (1024K)
 Metaspace       used 30710K, committed 30976K, reserved 1114112K
  class space    used 3097K, committed 3200K, reserved 1048576K
}
Event: 97.758 GC heap before
{Heap before GC invocations=21 (full 0):
 garbage-first heap   total reserved 2041856K, committed 424960K, used 364831K [0x0000000083600000, 0x0000000100000000)
  region size 1024K, 20 young (20480K), 1 survivors (1024K)
 Metaspace       used 31750K, committed 32000K, reserved 1114112K
  class space    used 3200K, committed 3328K, reserved 1048576K
}
Event: 97.761 GC heap after
{Heap after GC invocations=22 (full 0):
 garbage-first heap   total reserved 2041856K, committed 424960K, used 14968K [0x0000000083600000, 0x0000000100000000)
  region size 1024K, 2 young (2048K), 2 survivors (2048K)
 Metaspace       used 31750K, committed 32000K, reserved 1114112K
  class space    used 3200K, committed 3328K, reserved 1048576K
}

